<?xml version="1.0" encoding="UTF-8"?>
<!-- Generated by org.testng.reporters.JUnitReportReporter -->
<testsuite hostname="DESKTOP-UN1UE7L" failures="0" tests="1" name="day3.PathAndQueryParametrs" time="21.920" errors="0" timestamp="2023-02-19T16:00:47 IST" skipped="0">
  <testcase classname="day3.PathAndQueryParametrs" name="testQueryAndParameters" time="21.920"/>
  <system-out/>
</testsuite> <!-- day3.PathAndQueryParametrs -->
