<?xml version="1.0" encoding="UTF-8"?>
<!-- Generated by org.testng.reporters.JUnitReportReporter -->
<testsuite hostname="DESKTOP-UN1UE7L" failures="0" tests="1" name="day2.DiffWaysToCreatePostRequestBody" time="4.919" errors="0" timestamp="2023-01-26T12:32:30 IST" skipped="0">
  <testcase classname="day2.DiffWaysToCreatePostRequestBody" name="postRequestBodyByExternalJsonFile" time="4.919"/>
  <system-out/>
</testsuite> <!-- day2.DiffWaysToCreatePostRequestBody -->
