<?xml version="1.0" encoding="UTF-8"?>
<!-- Generated by org.testng.reporters.JUnitReportReporter -->
<testsuite hostname="DESKTOP-UN1UE7L" failures="0" tests="4" name="day1.HTTPRequest" time="4.152" errors="0" timestamp="2023-01-26T09:25:30 IST" skipped="0">
  <testcase classname="day1.HTTPRequest" name="getUser" time="2.118"/>
  <system-out/>
  <testcase classname="day1.HTTPRequest" name="createUser" time="0.999"/>
  <system-out/>
  <testcase classname="day1.HTTPRequest" name="updateUser" time="0.540"/>
  <system-out/>
  <testcase classname="day1.HTTPRequest" name="deleteUser" time="0.495"/>
  <system-out/>
</testsuite> <!-- day1.HTTPRequest -->
