<?xml version="1.0" encoding="UTF-8"?>
<!-- Generated by org.testng.reporters.JUnitReportReporter -->
<testsuite hostname="DESKTOP-UN1UE7L" failures="0" tests="1" name="day3.LoggingDemo" time="2.227" errors="0" timestamp="2023-02-20T12:28:02 IST" skipped="0">
  <testcase classname="day3.LoggingDemo" name="testLogs" time="2.227"/>
  <system-out/>
</testsuite> <!-- day3.LoggingDemo -->
