<?xml version="1.0" encoding="UTF-8"?>
<!-- Generated by org.testng.reporters.JUnitReportReporter -->
<testsuite hostname="DESKTOP-UN1UE7L" failures="0" tests="1" name="com.qa.authConcept.RestAssuredAuthDemo" time="2.071" errors="0" timestamp="2023-07-15T03:06:26 IST" skipped="0">
  <testcase classname="com.qa.authConcept.RestAssuredAuthDemo" name="authTest" time="2.071"/>
  <system-out/>
</testsuite> <!-- com.qa.authConcept.RestAssuredAuthDemo -->
