<?xml version="1.0" encoding="UTF-8"?>
<!-- Generated by org.testng.reporters.JUnitReportReporter -->
<testsuite hostname="DESKTOP-UN1UE7L" failures="0" tests="2" name="day3.HeaderDemo" time="3.964" errors="0" timestamp="2023-12-25T17:04:33 IST" skipped="0">
  <testcase classname="day3.HeaderDemo" name="testHeaders" time="3.083"/>
  <system-out/>
  <testcase classname="day3.HeaderDemo" name="getHeaders" time="0.881"/>
  <system-out/>
</testsuite> <!-- day3.HeaderDemo -->
