<?xml version="1.0" encoding="UTF-8"?>
<!-- Generated by org.testng.reporters.JUnitReportReporter -->
<testsuite hostname="DESKTOP-UN1UE7L" failures="0" tests="4" name="day1.HTTPRequest" time="8.327" errors="0" timestamp="2023-07-15T02:23:25 IST" skipped="0">
  <testcase classname="day1.HTTPRequest" name="getUser" time="5.831"/>
  <system-out/>
  <testcase classname="day1.HTTPRequest" name="createUser" time="1.419"/>
  <system-out/>
  <testcase classname="day1.HTTPRequest" name="updateUser" time="0.572"/>
  <system-out/>
  <testcase classname="day1.HTTPRequest" name="deleteUser" time="0.505"/>
  <system-out/>
</testsuite> <!-- day1.HTTPRequest -->
